<?xml version="1.0" encoding="UTF-8"?>
<testsuites name="CreateHowl" time="277.593" tests="5" failures="0" errors="0">
   <testsuite name="CreateHowl" tests="5" failures="0" errors="0" time="277.593" skipped="0" timestamp="04-04-2025T12:45:26" hostname="HUY - LAPTOP-HFM62E22" id="Test Suites/CreateHowl">
      <properties>
         <property name="deviceName" value=""/>
         <property name="devicePlatform"/>
         <property name="logFolder" value="C:\\Users\\HUY\\git\\automationWolfden\\Reports\\20250404_124522\\CreateHowl\\20250404_124522"/>
         <property name="logFiles" value="C:\\Users\\HUY\\git\\automationWolfden\\Reports\\20250404_124522\\CreateHowl\\20250404_124522\\execution0.log"/>
         <property name="attachments" value=""/>
         <property name="hostName" value="HUY - LAPTOP-HFM62E22"/>
         <property name="os" value="Windows 11 64bit"/>
         <property name="katalonVersion" value="10.1.1.0"/>
         <property name="browser" value="Chrome 134.0.6998.179"/>
         <property name="hostAddress" value="192.168.1.14"/>
         <property name="sessionId" value="c55113ac488723d44b515f877c1c8ace"/>
         <property name="seleniumVersion" value="4.22.0"/>
         <property name="proxyInformation" value="ProxyInformation { proxyOption=NO_PROXY, proxyServerType=HTTP, username=, password=********, proxyServerAddress=, proxyServerPort=0, executionList=&quot;&quot;, isApplyToDesiredCapabilities=true }"/>
         <property name="platform" value="Windows 11"/>
      </properties>
      <testcase name="Test Cases/Howl/Create howl containing only text" time="57.078" classname="Test Cases/Howl/Create howl containing only text" status="PASSED">
         <system-out><![CDATA[04-04-2025T12:45:27 - [TEST_CASE][PASSED] - Test Cases/Howl/Create howl containing only text: Test Cases/Howl/Create howl containing only text

04-04-2025T12:45:27 - [TEST_STEP][PASSED] - text = "Test": null

04-04-2025T12:45:27 - [TEST_STEP][PASSED] - loginpackage.loginkeyword.login("nguyenqhuy753101", "huy123"): loginpackage.loginkeyword.login is PASSED

04-04-2025T12:45:27 - [MESSAGE][INFO] - Starting 'Chrome' driver

04-04-2025T12:45:27 - [MESSAGE][INFO] - Action delay is set to 0 milliseconds

04-04-2025T12:45:30 - [MESSAGE][PASSED] - Browser is opened with url: ''

04-04-2025T12:45:30 - [MESSAGE][PASSED] - Current window maximized

04-04-2025T12:45:36 - [MESSAGE][PASSED] - Navigate to 'https://dev.wolfden.win/' successfully

04-04-2025T12:45:37 - [MESSAGE][PASSED] - Text 'racebook' is set on object 'Object Repository/UI/Page_Authorize - Wolfden/authorizeInput'

04-04-2025T12:45:38 - [MESSAGE][PASSED] - Object: 'Object Repository/UI/Page_Authorize - Wolfden/submitBtn' is clicked on

04-04-2025T12:45:40 - [MESSAGE][PASSED] - Object: 'Object Repository/UI/Page_Home_Wolfden/loginBtn' is clicked on

04-04-2025T12:45:41 - [MESSAGE][PASSED] - Object: 'Object Repository/UI/Page_Login - Wolfden/usernameInput' is clicked on

04-04-2025T12:45:41 - [MESSAGE][PASSED] - Keys 'n' sent to object: 'Object Repository/UI/Page_Login - Wolfden/usernameInput'

04-04-2025T12:45:42 - [MESSAGE][PASSED] - Delayed 0.5 second(s)

04-04-2025T12:45:42 - [MESSAGE][PASSED] - Keys 'g' sent to object: 'Object Repository/UI/Page_Login - Wolfden/usernameInput'

04-04-2025T12:45:43 - [MESSAGE][PASSED] - Delayed 0.5 second(s)

04-04-2025T12:45:43 - [MESSAGE][PASSED] - Keys 'u' sent to object: 'Object Repository/UI/Page_Login - Wolfden/usernameInput'

04-04-2025T12:45:44 - [MESSAGE][PASSED] - Delayed 0.5 second(s)

04-04-2025T12:45:44 - [MESSAGE][PASSED] - Keys 'y' sent to object: 'Object Repository/UI/Page_Login - Wolfden/usernameInput'

04-04-2025T12:45:45 - [MESSAGE][PASSED] - Delayed 0.5 second(s)

04-04-2025T12:45:45 - [MESSAGE][PASSED] - Keys 'e' sent to object: 'Object Repository/UI/Page_Login - Wolfden/usernameInput'

04-04-2025T12:45:45 - [MESSAGE][PASSED] - Delayed 0.5 second(s)

04-04-2025T12:45:46 - [MESSAGE][PASSED] - Keys 'n' sent to object: 'Object Repository/UI/Page_Login - Wolfden/usernameInput'

04-04-2025T12:45:46 - [MESSAGE][PASSED] - Delayed 0.5 second(s)

04-04-2025T12:45:47 - [MESSAGE][PASSED] - Keys 'q' sent to object: 'Object Repository/UI/Page_Login - Wolfden/usernameInput'

04-04-2025T12:45:47 - [MESSAGE][PASSED] - Delayed 0.5 second(s)

04-04-2025T12:45:47 - [MESSAGE][PASSED] - Keys 'h' sent to object: 'Object Repository/UI/Page_Login - Wolfden/usernameInput'

04-04-2025T12:45:48 - [MESSAGE][PASSED] - Delayed 0.5 second(s)

04-04-2025T12:45:48 - [MESSAGE][PASSED] - Keys 'u' sent to object: 'Object Repository/UI/Page_Login - Wolfden/usernameInput'

04-04-2025T12:45:49 - [MESSAGE][PASSED] - Delayed 0.5 second(s)

04-04-2025T12:45:49 - [MESSAGE][PASSED] - Keys 'y' sent to object: 'Object Repository/UI/Page_Login - Wolfden/usernameInput'

04-04-2025T12:45:50 - [MESSAGE][PASSED] - Delayed 0.5 second(s)

04-04-2025T12:45:50 - [MESSAGE][PASSED] - Keys '7' sent to object: 'Object Repository/UI/Page_Login - Wolfden/usernameInput'

04-04-2025T12:45:51 - [MESSAGE][PASSED] - Delayed 0.5 second(s)

04-04-2025T12:45:51 - [MESSAGE][PASSED] - Keys '5' sent to object: 'Object Repository/UI/Page_Login - Wolfden/usernameInput'

04-04-2025T12:45:51 - [MESSAGE][PASSED] - Delayed 0.5 second(s)

04-04-2025T12:45:52 - [MESSAGE][PASSED] - Keys '3' sent to object: 'Object Repository/UI/Page_Login - Wolfden/usernameInput'

04-04-2025T12:45:52 - [MESSAGE][PASSED] - Delayed 0.5 second(s)

04-04-2025T12:45:53 - [MESSAGE][PASSED] - Keys '1' sent to object: 'Object Repository/UI/Page_Login - Wolfden/usernameInput'

04-04-2025T12:45:53 - [MESSAGE][PASSED] - Delayed 0.5 second(s)

04-04-2025T12:45:54 - [MESSAGE][PASSED] - Keys '0' sent to object: 'Object Repository/UI/Page_Login - Wolfden/usernameInput'

04-04-2025T12:45:54 - [MESSAGE][PASSED] - Delayed 0.5 second(s)

04-04-2025T12:45:54 - [MESSAGE][PASSED] - Keys '1' sent to object: 'Object Repository/UI/Page_Login - Wolfden/usernameInput'

04-04-2025T12:45:55 - [MESSAGE][PASSED] - Delayed 0.5 second(s)

04-04-2025T12:46:00 - [MESSAGE][PASSED] - Delayed 5 second(s)

04-04-2025T12:46:00 - [MESSAGE][PASSED] - Object: 'Object Repository/UI/Page_Login - Wolfden/passwordInput' is clicked on

04-04-2025T12:46:01 - [MESSAGE][PASSED] - Keys 'h' sent to object: 'Object Repository/UI/Page_Login - Wolfden/passwordInput'

04-04-2025T12:46:01 - [MESSAGE][PASSED] - Delayed 0.5 second(s)

04-04-2025T12:46:02 - [MESSAGE][PASSED] - Keys 'u' sent to object: 'Object Repository/UI/Page_Login - Wolfden/passwordInput'

04-04-2025T12:46:02 - [MESSAGE][PASSED] - Delayed 0.5 second(s)

04-04-2025T12:46:02 - [MESSAGE][PASSED] - Keys 'y' sent to object: 'Object Repository/UI/Page_Login - Wolfden/passwordInput'

04-04-2025T12:46:03 - [MESSAGE][PASSED] - Delayed 0.5 second(s)

04-04-2025T12:46:03 - [MESSAGE][PASSED] - Keys '1' sent to object: 'Object Repository/UI/Page_Login - Wolfden/passwordInput'

04-04-2025T12:46:04 - [MESSAGE][PASSED] - Delayed 0.5 second(s)

04-04-2025T12:46:04 - [MESSAGE][PASSED] - Keys '2' sent to object: 'Object Repository/UI/Page_Login - Wolfden/passwordInput'

04-04-2025T12:46:05 - [MESSAGE][PASSED] - Delayed 0.5 second(s)

04-04-2025T12:46:05 - [MESSAGE][PASSED] - Keys '3' sent to object: 'Object Repository/UI/Page_Login - Wolfden/passwordInput'

04-04-2025T12:46:06 - [MESSAGE][PASSED] - Delayed 0.5 second(s)

04-04-2025T12:46:11 - [MESSAGE][PASSED] - Delayed 5 second(s)

04-04-2025T12:46:11 - [MESSAGE][PASSED] - Object: 'Object Repository/UI/Page_Login - Wolfden/loginBtn' is clicked on

04-04-2025T12:46:11 - [MESSAGE][PASSED] - loginpackage.loginkeyword.login is PASSED

04-04-2025T12:46:11 - [TEST_STEP][PASSED] - click(findTestObject("UI/Page_Home_Wolfden/newHowlBtn")): Object: 'Object Repository/UI/Page_Home_Wolfden/newHowlBtn' is clicked on

04-04-2025T12:46:15 - [MESSAGE][PASSED] - Object: 'Object Repository/UI/Page_Home_Wolfden/newHowlBtn' is clicked on

04-04-2025T12:46:15 - [TEST_STEP][PASSED] - sendKeys(findTestObject("UI/Page_CreateHowl_Wolfden/writehowlTextbox"), text): Keys 'Test' sent to object: 'Object Repository/UI/Page_CreateHowl_Wolfden/writehowlTextbox'

04-04-2025T12:46:16 - [MESSAGE][PASSED] - Keys 'Test' sent to object: 'Object Repository/UI/Page_CreateHowl_Wolfden/writehowlTextbox'

04-04-2025T12:46:16 - [TEST_STEP][PASSED] - click(findTestObject("UI/Page_CreateHowl_Wolfden/howlBtn")): Object: 'Object Repository/UI/Page_CreateHowl_Wolfden/howlBtn' is clicked on

04-04-2025T12:46:16 - [MESSAGE][PASSED] - Object: 'Object Repository/UI/Page_CreateHowl_Wolfden/howlBtn' is clicked on

04-04-2025T12:46:16 - [TEST_STEP][PASSED] - delay(2): Delayed 2 second(s)

04-04-2025T12:46:18 - [MESSAGE][PASSED] - Delayed 2 second(s)

04-04-2025T12:46:18 - [TEST_STEP][PASSED] - verifyElementText(findTestObject("UI/Page_Howl_Wolfden/yourHowlWasSentTxt"), "Your Howl was sent"): Actual text and expected text of test object 'Object Repository/UI/Page_Howl_Wolfden/yourHowlWasSentTxt' are matched.

04-04-2025T12:46:19 - [MESSAGE][PASSED] - Actual text and expected text of test object 'Object Repository/UI/Page_Howl_Wolfden/yourHowlWasSentTxt' are matched.

04-04-2025T12:46:19 - [TEST_STEP][PASSED] - verifyElementText(findTestObject("UI/Page_Howl_Wolfden/displayNameTxt"), "nguyenqhuy7531"): Actual text and expected text of test object 'Object Repository/UI/Page_Howl_Wolfden/displayNameTxt' are matched.

04-04-2025T12:46:19 - [MESSAGE][PASSED] - Actual text and expected text of test object 'Object Repository/UI/Page_Howl_Wolfden/displayNameTxt' are matched.

04-04-2025T12:46:19 - [TEST_STEP][PASSED] - verifyElementText(findTestObject("UI/Page_Howl_Wolfden/usernameTxt"), "@nguyenqhuy753101"): Actual text and expected text of test object 'Object Repository/UI/Page_Howl_Wolfden/usernameTxt' are matched.

04-04-2025T12:46:20 - [MESSAGE][PASSED] - Actual text and expected text of test object 'Object Repository/UI/Page_Howl_Wolfden/usernameTxt' are matched.

04-04-2025T12:46:20 - [TEST_STEP][PASSED] - verifyElementText(findTestObject("UI/Page_Howl_Wolfden/enteredTextTxt"), text): Actual text and expected text of test object 'Object Repository/UI/Page_Howl_Wolfden/enteredTextTxt' are matched.

04-04-2025T12:46:20 - [MESSAGE][PASSED] - Actual text and expected text of test object 'Object Repository/UI/Page_Howl_Wolfden/enteredTextTxt' are matched.

04-04-2025T12:46:20 - [TEST_STEP][PASSED] - howlpackage.howlkeyword.deleteHowl(): howlpackage.howlkeyword.deleteHowl is PASSED

04-04-2025T12:46:21 - [MESSAGE][PASSED] - Object: 'Object Repository/UI/Page_Howl_Wolfden/moreOptionBtn' is hovered

04-04-2025T12:46:21 - [MESSAGE][PASSED] - Object: 'Object Repository/UI/Page_Howl_Wolfden/deleteBtn' is clicked on

04-04-2025T12:46:22 - [MESSAGE][PASSED] - Object: 'Object Repository/UI/Page_Howl_Wolfden/deleteConfirmationBtn' is clicked on

04-04-2025T12:46:23 - [MESSAGE][PASSED] - Actual text and expected text of test object 'Object Repository/UI/Page_Howl_Wolfden/yourHowlWasDeletedTxt' are matched.

04-04-2025T12:46:23 - [MESSAGE][PASSED] - howlpackage.howlkeyword.deleteHowl is PASSED

04-04-2025T12:46:23 - [TEST_STEP][PASSED] - closeBrowser(): Browser is closed

04-04-2025T12:46:24 - [MESSAGE][PASSED] - Browser is closed]]></system-out>
         <system-err><![CDATA[]]></system-err>
      </testcase>
      <testcase name="Test Cases/Howl/Create howl containing only video" time="56.856" classname="Test Cases/Howl/Create howl containing only video" status="PASSED">
         <system-out><![CDATA[04-04-2025T12:46:24 - [TEST_CASE][PASSED] - Test Cases/Howl/Create howl containing only video: Test Cases/Howl/Create howl containing only video

04-04-2025T12:46:24 - [TEST_STEP][PASSED] - loginpackage.loginkeyword.login("nguyenqhuy753101", "huy123"): loginpackage.loginkeyword.login is PASSED

04-04-2025T12:46:24 - [MESSAGE][INFO] - Starting 'Chrome' driver

04-04-2025T12:46:24 - [MESSAGE][INFO] - Action delay is set to 0 milliseconds

04-04-2025T12:46:25 - [MESSAGE][PASSED] - Browser is opened with url: ''

04-04-2025T12:46:25 - [MESSAGE][PASSED] - Current window maximized

04-04-2025T12:46:28 - [MESSAGE][PASSED] - Navigate to 'https://dev.wolfden.win/' successfully

04-04-2025T12:46:31 - [MESSAGE][PASSED] - Text 'racebook' is set on object 'Object Repository/UI/Page_Authorize - Wolfden/authorizeInput'

04-04-2025T12:46:31 - [MESSAGE][PASSED] - Object: 'Object Repository/UI/Page_Authorize - Wolfden/submitBtn' is clicked on

04-04-2025T12:46:33 - [MESSAGE][PASSED] - Object: 'Object Repository/UI/Page_Home_Wolfden/loginBtn' is clicked on

04-04-2025T12:46:34 - [MESSAGE][PASSED] - Object: 'Object Repository/UI/Page_Login - Wolfden/usernameInput' is clicked on

04-04-2025T12:46:35 - [MESSAGE][PASSED] - Keys 'n' sent to object: 'Object Repository/UI/Page_Login - Wolfden/usernameInput'

04-04-2025T12:46:35 - [MESSAGE][PASSED] - Delayed 0.5 second(s)

04-04-2025T12:46:35 - [MESSAGE][PASSED] - Keys 'g' sent to object: 'Object Repository/UI/Page_Login - Wolfden/usernameInput'

04-04-2025T12:46:36 - [MESSAGE][PASSED] - Delayed 0.5 second(s)

04-04-2025T12:46:36 - [MESSAGE][PASSED] - Keys 'u' sent to object: 'Object Repository/UI/Page_Login - Wolfden/usernameInput'

04-04-2025T12:46:37 - [MESSAGE][PASSED] - Delayed 0.5 second(s)

04-04-2025T12:46:37 - [MESSAGE][PASSED] - Keys 'y' sent to object: 'Object Repository/UI/Page_Login - Wolfden/usernameInput'

04-04-2025T12:46:38 - [MESSAGE][PASSED] - Delayed 0.5 second(s)

04-04-2025T12:46:38 - [MESSAGE][PASSED] - Keys 'e' sent to object: 'Object Repository/UI/Page_Login - Wolfden/usernameInput'

04-04-2025T12:46:38 - [MESSAGE][PASSED] - Delayed 0.5 second(s)

04-04-2025T12:46:39 - [MESSAGE][PASSED] - Keys 'n' sent to object: 'Object Repository/UI/Page_Login - Wolfden/usernameInput'

04-04-2025T12:46:39 - [MESSAGE][PASSED] - Delayed 0.5 second(s)

04-04-2025T12:46:39 - [MESSAGE][PASSED] - Keys 'q' sent to object: 'Object Repository/UI/Page_Login - Wolfden/usernameInput'

04-04-2025T12:46:40 - [MESSAGE][PASSED] - Delayed 0.5 second(s)

04-04-2025T12:46:40 - [MESSAGE][PASSED] - Keys 'h' sent to object: 'Object Repository/UI/Page_Login - Wolfden/usernameInput'

04-04-2025T12:46:41 - [MESSAGE][PASSED] - Delayed 0.5 second(s)

04-04-2025T12:46:41 - [MESSAGE][PASSED] - Keys 'u' sent to object: 'Object Repository/UI/Page_Login - Wolfden/usernameInput'

04-04-2025T12:46:42 - [MESSAGE][PASSED] - Delayed 0.5 second(s)

04-04-2025T12:46:42 - [MESSAGE][PASSED] - Keys 'y' sent to object: 'Object Repository/UI/Page_Login - Wolfden/usernameInput'

04-04-2025T12:46:43 - [MESSAGE][PASSED] - Delayed 0.5 second(s)

04-04-2025T12:46:43 - [MESSAGE][PASSED] - Keys '7' sent to object: 'Object Repository/UI/Page_Login - Wolfden/usernameInput'

04-04-2025T12:46:43 - [MESSAGE][PASSED] - Delayed 0.5 second(s)

04-04-2025T12:46:44 - [MESSAGE][PASSED] - Keys '5' sent to object: 'Object Repository/UI/Page_Login - Wolfden/usernameInput'

04-04-2025T12:46:44 - [MESSAGE][PASSED] - Delayed 0.5 second(s)

04-04-2025T12:46:45 - [MESSAGE][PASSED] - Keys '3' sent to object: 'Object Repository/UI/Page_Login - Wolfden/usernameInput'

04-04-2025T12:46:45 - [MESSAGE][PASSED] - Delayed 0.5 second(s)

04-04-2025T12:46:45 - [MESSAGE][PASSED] - Keys '1' sent to object: 'Object Repository/UI/Page_Login - Wolfden/usernameInput'

04-04-2025T12:46:46 - [MESSAGE][PASSED] - Delayed 0.5 second(s)

04-04-2025T12:46:46 - [MESSAGE][PASSED] - Keys '0' sent to object: 'Object Repository/UI/Page_Login - Wolfden/usernameInput'

04-04-2025T12:46:47 - [MESSAGE][PASSED] - Delayed 0.5 second(s)

04-04-2025T12:46:47 - [MESSAGE][PASSED] - Keys '1' sent to object: 'Object Repository/UI/Page_Login - Wolfden/usernameInput'

04-04-2025T12:46:48 - [MESSAGE][PASSED] - Delayed 0.5 second(s)

04-04-2025T12:46:53 - [MESSAGE][PASSED] - Delayed 5 second(s)

04-04-2025T12:46:53 - [MESSAGE][PASSED] - Object: 'Object Repository/UI/Page_Login - Wolfden/passwordInput' is clicked on

04-04-2025T12:46:53 - [MESSAGE][PASSED] - Keys 'h' sent to object: 'Object Repository/UI/Page_Login - Wolfden/passwordInput'

04-04-2025T12:46:54 - [MESSAGE][PASSED] - Delayed 0.5 second(s)

04-04-2025T12:46:54 - [MESSAGE][PASSED] - Keys 'u' sent to object: 'Object Repository/UI/Page_Login - Wolfden/passwordInput'

04-04-2025T12:46:55 - [MESSAGE][PASSED] - Delayed 0.5 second(s)

04-04-2025T12:46:55 - [MESSAGE][PASSED] - Keys 'y' sent to object: 'Object Repository/UI/Page_Login - Wolfden/passwordInput'

04-04-2025T12:46:55 - [MESSAGE][PASSED] - Delayed 0.5 second(s)

04-04-2025T12:46:56 - [MESSAGE][PASSED] - Keys '1' sent to object: 'Object Repository/UI/Page_Login - Wolfden/passwordInput'

04-04-2025T12:46:56 - [MESSAGE][PASSED] - Delayed 0.5 second(s)

04-04-2025T12:46:56 - [MESSAGE][PASSED] - Keys '2' sent to object: 'Object Repository/UI/Page_Login - Wolfden/passwordInput'

04-04-2025T12:46:57 - [MESSAGE][PASSED] - Delayed 0.5 second(s)

04-04-2025T12:46:57 - [MESSAGE][PASSED] - Keys '3' sent to object: 'Object Repository/UI/Page_Login - Wolfden/passwordInput'

04-04-2025T12:46:58 - [MESSAGE][PASSED] - Delayed 0.5 second(s)

04-04-2025T12:47:03 - [MESSAGE][PASSED] - Delayed 5 second(s)

04-04-2025T12:47:03 - [MESSAGE][PASSED] - Object: 'Object Repository/UI/Page_Login - Wolfden/loginBtn' is clicked on

04-04-2025T12:47:03 - [MESSAGE][PASSED] - loginpackage.loginkeyword.login is PASSED

04-04-2025T12:47:03 - [TEST_STEP][PASSED] - click(findTestObject("UI/Page_Home_Wolfden/newHowlBtn")): Object: 'Object Repository/UI/Page_Home_Wolfden/newHowlBtn' is clicked on

04-04-2025T12:47:08 - [MESSAGE][PASSED] - Object: 'Object Repository/UI/Page_Home_Wolfden/newHowlBtn' is clicked on

04-04-2025T12:47:08 - [TEST_STEP][PASSED] - uploadFile(findTestObject("UI/Page_CreateHowl_Wolfden/uploadFileBtn"), "C:\\Users\\HUY\\Downloads\\minion.mp4"): File 'C:\\Users\\HUY\\Downloads\\minion.mp4' sent to object: 'Object Repository/UI/Page_CreateHowl_Wolfden/uploadFileBtn'

04-04-2025T12:47:08 - [MESSAGE][PASSED] - File 'C:\\Users\\HUY\\Downloads\\minion.mp4' sent to object: 'Object Repository/UI/Page_CreateHowl_Wolfden/uploadFileBtn'

04-04-2025T12:47:08 - [TEST_STEP][PASSED] - delay(2): Delayed 2 second(s)

04-04-2025T12:47:10 - [MESSAGE][PASSED] - Delayed 2 second(s)

04-04-2025T12:47:10 - [TEST_STEP][PASSED] - click(findTestObject("UI/Page_CreateHowl_Wolfden/howlBtn")): Object: 'Object Repository/UI/Page_CreateHowl_Wolfden/howlBtn' is clicked on

04-04-2025T12:47:11 - [MESSAGE][PASSED] - Object: 'Object Repository/UI/Page_CreateHowl_Wolfden/howlBtn' is clicked on

04-04-2025T12:47:11 - [TEST_STEP][PASSED] - delay(5): Delayed 5 second(s)

04-04-2025T12:47:16 - [MESSAGE][PASSED] - Delayed 5 second(s)

04-04-2025T12:47:16 - [TEST_STEP][PASSED] - verifyElementText(findTestObject("UI/Page_Howl_Wolfden/yourHowlWasSentTxt"), "Your Howl was sent"): Actual text and expected text of test object 'Object Repository/UI/Page_Howl_Wolfden/yourHowlWasSentTxt' are matched.

04-04-2025T12:47:16 - [MESSAGE][PASSED] - Actual text and expected text of test object 'Object Repository/UI/Page_Howl_Wolfden/yourHowlWasSentTxt' are matched.

04-04-2025T12:47:16 - [TEST_STEP][PASSED] - verifyElementText(findTestObject("UI/Page_Howl_Wolfden/displayNameTxt"), "nguyenqhuy7531"): Actual text and expected text of test object 'Object Repository/UI/Page_Howl_Wolfden/displayNameTxt' are matched.

04-04-2025T12:47:16 - [MESSAGE][PASSED] - Actual text and expected text of test object 'Object Repository/UI/Page_Howl_Wolfden/displayNameTxt' are matched.

04-04-2025T12:47:16 - [TEST_STEP][PASSED] - verifyElementText(findTestObject("UI/Page_Howl_Wolfden/usernameTxt"), "@nguyenqhuy753101"): Actual text and expected text of test object 'Object Repository/UI/Page_Howl_Wolfden/usernameTxt' are matched.

04-04-2025T12:47:17 - [MESSAGE][PASSED] - Actual text and expected text of test object 'Object Repository/UI/Page_Howl_Wolfden/usernameTxt' are matched.

04-04-2025T12:47:17 - [TEST_STEP][PASSED] - verifyElementPresent(findTestObject("UI/Page_Howl_Wolfden/moreOptionBtn"), 0): Object 'Object Repository/UI/Page_Howl_Wolfden/moreOptionBtn' is present

04-04-2025T12:47:17 - [MESSAGE][WARNING] - Timeout '0' is invalid. Using default page load timeout: '30'

04-04-2025T12:47:17 - [MESSAGE][PASSED] - Object 'Object Repository/UI/Page_Howl_Wolfden/moreOptionBtn' is present

04-04-2025T12:47:17 - [TEST_STEP][PASSED] - verifyElementPresent(findTestObject("UI/Page_Howl_Wolfden/uploadedVideo"), 0): Object 'Object Repository/UI/Page_Howl_Wolfden/uploadedVideo' is present

04-04-2025T12:47:17 - [MESSAGE][WARNING] - Timeout '0' is invalid. Using default page load timeout: '30'

04-04-2025T12:47:17 - [MESSAGE][PASSED] - Object 'Object Repository/UI/Page_Howl_Wolfden/uploadedVideo' is present

04-04-2025T12:47:17 - [TEST_STEP][PASSED] - howlpackage.howlkeyword.deleteHowl(): howlpackage.howlkeyword.deleteHowl is PASSED

04-04-2025T12:47:18 - [MESSAGE][PASSED] - Object: 'Object Repository/UI/Page_Howl_Wolfden/moreOptionBtn' is hovered

04-04-2025T12:47:19 - [MESSAGE][PASSED] - Object: 'Object Repository/UI/Page_Howl_Wolfden/deleteBtn' is clicked on

04-04-2025T12:47:19 - [MESSAGE][PASSED] - Object: 'Object Repository/UI/Page_Howl_Wolfden/deleteConfirmationBtn' is clicked on

04-04-2025T12:47:20 - [MESSAGE][PASSED] - Actual text and expected text of test object 'Object Repository/UI/Page_Howl_Wolfden/yourHowlWasDeletedTxt' are matched.

04-04-2025T12:47:20 - [MESSAGE][PASSED] - howlpackage.howlkeyword.deleteHowl is PASSED

04-04-2025T12:47:20 - [TEST_STEP][PASSED] - closeBrowser(): Browser is closed

04-04-2025T12:47:21 - [MESSAGE][PASSED] - Browser is closed]]></system-out>
         <system-err><![CDATA[]]></system-err>
      </testcase>
      <testcase name="Test Cases/Howl/Create howl containning only image" time="56.773" classname="Test Cases/Howl/Create howl containning only image" status="PASSED">
         <system-out><![CDATA[04-04-2025T12:47:21 - [TEST_CASE][PASSED] - Test Cases/Howl/Create howl containning only image: Test Cases/Howl/Create howl containning only image

04-04-2025T12:47:21 - [TEST_STEP][PASSED] - loginpackage.loginkeyword.login("nguyenqhuy753101", "huy123"): loginpackage.loginkeyword.login is PASSED

04-04-2025T12:47:21 - [MESSAGE][INFO] - Starting 'Chrome' driver

04-04-2025T12:47:21 - [MESSAGE][INFO] - Action delay is set to 0 milliseconds

04-04-2025T12:47:22 - [MESSAGE][PASSED] - Browser is opened with url: ''

04-04-2025T12:47:22 - [MESSAGE][PASSED] - Current window maximized

04-04-2025T12:47:25 - [MESSAGE][PASSED] - Navigate to 'https://dev.wolfden.win/' successfully

04-04-2025T12:47:28 - [MESSAGE][PASSED] - Text 'racebook' is set on object 'Object Repository/UI/Page_Authorize - Wolfden/authorizeInput'

04-04-2025T12:47:28 - [MESSAGE][PASSED] - Object: 'Object Repository/UI/Page_Authorize - Wolfden/submitBtn' is clicked on

04-04-2025T12:47:30 - [MESSAGE][PASSED] - Object: 'Object Repository/UI/Page_Home_Wolfden/loginBtn' is clicked on

04-04-2025T12:47:31 - [MESSAGE][PASSED] - Object: 'Object Repository/UI/Page_Login - Wolfden/usernameInput' is clicked on

04-04-2025T12:47:31 - [MESSAGE][PASSED] - Keys 'n' sent to object: 'Object Repository/UI/Page_Login - Wolfden/usernameInput'

04-04-2025T12:47:32 - [MESSAGE][PASSED] - Delayed 0.5 second(s)

04-04-2025T12:47:32 - [MESSAGE][PASSED] - Keys 'g' sent to object: 'Object Repository/UI/Page_Login - Wolfden/usernameInput'

04-04-2025T12:47:33 - [MESSAGE][PASSED] - Delayed 0.5 second(s)

04-04-2025T12:47:33 - [MESSAGE][PASSED] - Keys 'u' sent to object: 'Object Repository/UI/Page_Login - Wolfden/usernameInput'

04-04-2025T12:47:33 - [MESSAGE][PASSED] - Delayed 0.5 second(s)

04-04-2025T12:47:34 - [MESSAGE][PASSED] - Keys 'y' sent to object: 'Object Repository/UI/Page_Login - Wolfden/usernameInput'

04-04-2025T12:47:34 - [MESSAGE][PASSED] - Delayed 0.5 second(s)

04-04-2025T12:47:35 - [MESSAGE][PASSED] - Keys 'e' sent to object: 'Object Repository/UI/Page_Login - Wolfden/usernameInput'

04-04-2025T12:47:35 - [MESSAGE][PASSED] - Delayed 0.5 second(s)

04-04-2025T12:47:35 - [MESSAGE][PASSED] - Keys 'n' sent to object: 'Object Repository/UI/Page_Login - Wolfden/usernameInput'

04-04-2025T12:47:36 - [MESSAGE][PASSED] - Delayed 0.5 second(s)

04-04-2025T12:47:36 - [MESSAGE][PASSED] - Keys 'q' sent to object: 'Object Repository/UI/Page_Login - Wolfden/usernameInput'

04-04-2025T12:47:37 - [MESSAGE][PASSED] - Delayed 0.5 second(s)

04-04-2025T12:47:37 - [MESSAGE][PASSED] - Keys 'h' sent to object: 'Object Repository/UI/Page_Login - Wolfden/usernameInput'

04-04-2025T12:47:38 - [MESSAGE][PASSED] - Delayed 0.5 second(s)

04-04-2025T12:47:38 - [MESSAGE][PASSED] - Keys 'u' sent to object: 'Object Repository/UI/Page_Login - Wolfden/usernameInput'

04-04-2025T12:47:38 - [MESSAGE][PASSED] - Delayed 0.5 second(s)

04-04-2025T12:47:39 - [MESSAGE][PASSED] - Keys 'y' sent to object: 'Object Repository/UI/Page_Login - Wolfden/usernameInput'

04-04-2025T12:47:39 - [MESSAGE][PASSED] - Delayed 0.5 second(s)

04-04-2025T12:47:40 - [MESSAGE][PASSED] - Keys '7' sent to object: 'Object Repository/UI/Page_Login - Wolfden/usernameInput'

04-04-2025T12:47:40 - [MESSAGE][PASSED] - Delayed 0.5 second(s)

04-04-2025T12:47:40 - [MESSAGE][PASSED] - Keys '5' sent to object: 'Object Repository/UI/Page_Login - Wolfden/usernameInput'

04-04-2025T12:47:41 - [MESSAGE][PASSED] - Delayed 0.5 second(s)

04-04-2025T12:47:41 - [MESSAGE][PASSED] - Keys '3' sent to object: 'Object Repository/UI/Page_Login - Wolfden/usernameInput'

04-04-2025T12:47:42 - [MESSAGE][PASSED] - Delayed 0.5 second(s)

04-04-2025T12:47:42 - [MESSAGE][PASSED] - Keys '1' sent to object: 'Object Repository/UI/Page_Login - Wolfden/usernameInput'

04-04-2025T12:47:43 - [MESSAGE][PASSED] - Delayed 0.5 second(s)

04-04-2025T12:47:43 - [MESSAGE][PASSED] - Keys '0' sent to object: 'Object Repository/UI/Page_Login - Wolfden/usernameInput'

04-04-2025T12:47:43 - [MESSAGE][PASSED] - Delayed 0.5 second(s)

04-04-2025T12:47:44 - [MESSAGE][PASSED] - Keys '1' sent to object: 'Object Repository/UI/Page_Login - Wolfden/usernameInput'

04-04-2025T12:47:44 - [MESSAGE][PASSED] - Delayed 0.5 second(s)

04-04-2025T12:47:49 - [MESSAGE][PASSED] - Delayed 5 second(s)

04-04-2025T12:47:50 - [MESSAGE][PASSED] - Object: 'Object Repository/UI/Page_Login - Wolfden/passwordInput' is clicked on

04-04-2025T12:47:50 - [MESSAGE][PASSED] - Keys 'h' sent to object: 'Object Repository/UI/Page_Login - Wolfden/passwordInput'

04-04-2025T12:47:51 - [MESSAGE][PASSED] - Delayed 0.5 second(s)

04-04-2025T12:47:51 - [MESSAGE][PASSED] - Keys 'u' sent to object: 'Object Repository/UI/Page_Login - Wolfden/passwordInput'

04-04-2025T12:47:51 - [MESSAGE][PASSED] - Delayed 0.5 second(s)

04-04-2025T12:47:52 - [MESSAGE][PASSED] - Keys 'y' sent to object: 'Object Repository/UI/Page_Login - Wolfden/passwordInput'

04-04-2025T12:47:52 - [MESSAGE][PASSED] - Delayed 0.5 second(s)

04-04-2025T12:47:52 - [MESSAGE][PASSED] - Keys '1' sent to object: 'Object Repository/UI/Page_Login - Wolfden/passwordInput'

04-04-2025T12:47:53 - [MESSAGE][PASSED] - Delayed 0.5 second(s)

04-04-2025T12:47:53 - [MESSAGE][PASSED] - Keys '2' sent to object: 'Object Repository/UI/Page_Login - Wolfden/passwordInput'

04-04-2025T12:47:54 - [MESSAGE][PASSED] - Delayed 0.5 second(s)

04-04-2025T12:47:54 - [MESSAGE][PASSED] - Keys '3' sent to object: 'Object Repository/UI/Page_Login - Wolfden/passwordInput'

04-04-2025T12:47:55 - [MESSAGE][PASSED] - Delayed 0.5 second(s)

04-04-2025T12:48:00 - [MESSAGE][PASSED] - Delayed 5 second(s)

04-04-2025T12:48:00 - [MESSAGE][PASSED] - Object: 'Object Repository/UI/Page_Login - Wolfden/loginBtn' is clicked on

04-04-2025T12:48:00 - [MESSAGE][PASSED] - loginpackage.loginkeyword.login is PASSED

04-04-2025T12:48:00 - [TEST_STEP][PASSED] - click(findTestObject("UI/Page_Home_Wolfden/newHowlBtn")): Object: 'Object Repository/UI/Page_Home_Wolfden/newHowlBtn' is clicked on

04-04-2025T12:48:05 - [MESSAGE][PASSED] - Object: 'Object Repository/UI/Page_Home_Wolfden/newHowlBtn' is clicked on

04-04-2025T12:48:05 - [TEST_STEP][PASSED] - uploadFile(findTestObject("UI/Page_CreateHowl_Wolfden/uploadFileBtn"), "C:\\Users\\HUY\\Downloads\\minions.png"): File 'C:\\Users\\HUY\\Downloads\\minions.png' sent to object: 'Object Repository/UI/Page_CreateHowl_Wolfden/uploadFileBtn'

04-04-2025T12:48:05 - [MESSAGE][PASSED] - File 'C:\\Users\\HUY\\Downloads\\minions.png' sent to object: 'Object Repository/UI/Page_CreateHowl_Wolfden/uploadFileBtn'

04-04-2025T12:48:05 - [TEST_STEP][PASSED] - delay(2): Delayed 2 second(s)

04-04-2025T12:48:07 - [MESSAGE][PASSED] - Delayed 2 second(s)

04-04-2025T12:48:07 - [TEST_STEP][PASSED] - click(findTestObject("UI/Page_CreateHowl_Wolfden/howlBtn")): Object: 'Object Repository/UI/Page_CreateHowl_Wolfden/howlBtn' is clicked on

04-04-2025T12:48:07 - [MESSAGE][PASSED] - Object: 'Object Repository/UI/Page_CreateHowl_Wolfden/howlBtn' is clicked on

04-04-2025T12:48:07 - [TEST_STEP][PASSED] - delay(5): Delayed 5 second(s)

04-04-2025T12:48:12 - [MESSAGE][PASSED] - Delayed 5 second(s)

04-04-2025T12:48:12 - [TEST_STEP][PASSED] - verifyElementText(findTestObject("UI/Page_Howl_Wolfden/yourHowlWasSentTxt"), "Your Howl was sent"): Actual text and expected text of test object 'Object Repository/UI/Page_Howl_Wolfden/yourHowlWasSentTxt' are matched.

04-04-2025T12:48:13 - [MESSAGE][PASSED] - Actual text and expected text of test object 'Object Repository/UI/Page_Howl_Wolfden/yourHowlWasSentTxt' are matched.

04-04-2025T12:48:13 - [TEST_STEP][PASSED] - verifyElementText(findTestObject("UI/Page_Howl_Wolfden/displayNameTxt"), "nguyenqhuy7531"): Actual text and expected text of test object 'Object Repository/UI/Page_Howl_Wolfden/displayNameTxt' are matched.

04-04-2025T12:48:13 - [MESSAGE][PASSED] - Actual text and expected text of test object 'Object Repository/UI/Page_Howl_Wolfden/displayNameTxt' are matched.

04-04-2025T12:48:13 - [TEST_STEP][PASSED] - verifyElementText(findTestObject("UI/Page_Howl_Wolfden/usernameTxt"), "@nguyenqhuy753101"): Actual text and expected text of test object 'Object Repository/UI/Page_Howl_Wolfden/usernameTxt' are matched.

04-04-2025T12:48:14 - [MESSAGE][PASSED] - Actual text and expected text of test object 'Object Repository/UI/Page_Howl_Wolfden/usernameTxt' are matched.

04-04-2025T12:48:14 - [TEST_STEP][PASSED] - verifyElementPresent(findTestObject("UI/Page_Howl_Wolfden/moreOptionBtn"), 0): Object 'Object Repository/UI/Page_Howl_Wolfden/moreOptionBtn' is present

04-04-2025T12:48:14 - [MESSAGE][WARNING] - Timeout '0' is invalid. Using default page load timeout: '30'

04-04-2025T12:48:14 - [MESSAGE][PASSED] - Object 'Object Repository/UI/Page_Howl_Wolfden/moreOptionBtn' is present

04-04-2025T12:48:14 - [TEST_STEP][PASSED] - verifyElementPresent(findTestObject("UI/Page_Howl_Wolfden/uploadedImage"), 0): Object 'Object Repository/UI/Page_Howl_Wolfden/uploadedImage' is present

04-04-2025T12:48:14 - [MESSAGE][WARNING] - Timeout '0' is invalid. Using default page load timeout: '30'

04-04-2025T12:48:14 - [MESSAGE][PASSED] - Object 'Object Repository/UI/Page_Howl_Wolfden/uploadedImage' is present

04-04-2025T12:48:14 - [TEST_STEP][PASSED] - howlpackage.howlkeyword.deleteHowl(): howlpackage.howlkeyword.deleteHowl is PASSED

04-04-2025T12:48:15 - [MESSAGE][PASSED] - Object: 'Object Repository/UI/Page_Howl_Wolfden/moreOptionBtn' is hovered

04-04-2025T12:48:15 - [MESSAGE][PASSED] - Object: 'Object Repository/UI/Page_Howl_Wolfden/deleteBtn' is clicked on

04-04-2025T12:48:16 - [MESSAGE][PASSED] - Object: 'Object Repository/UI/Page_Howl_Wolfden/deleteConfirmationBtn' is clicked on

04-04-2025T12:48:17 - [MESSAGE][PASSED] - Actual text and expected text of test object 'Object Repository/UI/Page_Howl_Wolfden/yourHowlWasDeletedTxt' are matched.

04-04-2025T12:48:17 - [MESSAGE][PASSED] - howlpackage.howlkeyword.deleteHowl is PASSED

04-04-2025T12:48:17 - [TEST_STEP][PASSED] - closeBrowser(): Browser is closed

04-04-2025T12:48:17 - [MESSAGE][PASSED] - Browser is closed]]></system-out>
         <system-err><![CDATA[]]></system-err>
      </testcase>
      <testcase name="Test Cases/Howl/Create howl containing text and image" time="52.733" classname="Test Cases/Howl/Create howl containing text and image" status="PASSED">
         <system-out><![CDATA[04-04-2025T12:48:17 - [TEST_CASE][PASSED] - Test Cases/Howl/Create howl containing text and image: Test Cases/Howl/Create howl containing text and image

04-04-2025T12:48:17 - [TEST_STEP][PASSED] - text = "Test": null

04-04-2025T12:48:17 - [TEST_STEP][PASSED] - loginpackage.loginkeyword.login("nguyenqhuy753101", "huy123"): loginpackage.loginkeyword.login is PASSED

04-04-2025T12:48:17 - [MESSAGE][INFO] - Starting 'Chrome' driver

04-04-2025T12:48:17 - [MESSAGE][INFO] - Action delay is set to 0 milliseconds

04-04-2025T12:48:18 - [MESSAGE][PASSED] - Browser is opened with url: ''

04-04-2025T12:48:18 - [MESSAGE][PASSED] - Current window maximized

04-04-2025T12:48:22 - [MESSAGE][PASSED] - Navigate to 'https://dev.wolfden.win/' successfully

04-04-2025T12:48:25 - [MESSAGE][PASSED] - Text 'racebook' is set on object 'Object Repository/UI/Page_Authorize - Wolfden/authorizeInput'

04-04-2025T12:48:25 - [MESSAGE][PASSED] - Object: 'Object Repository/UI/Page_Authorize - Wolfden/submitBtn' is clicked on

04-04-2025T12:48:28 - [MESSAGE][PASSED] - Object: 'Object Repository/UI/Page_Home_Wolfden/loginBtn' is clicked on

04-04-2025T12:48:28 - [MESSAGE][PASSED] - Object: 'Object Repository/UI/Page_Login - Wolfden/usernameInput' is clicked on

04-04-2025T12:48:29 - [MESSAGE][PASSED] - Keys 'n' sent to object: 'Object Repository/UI/Page_Login - Wolfden/usernameInput'

04-04-2025T12:48:29 - [MESSAGE][PASSED] - Delayed 0.5 second(s)

04-04-2025T12:48:29 - [MESSAGE][PASSED] - Keys 'g' sent to object: 'Object Repository/UI/Page_Login - Wolfden/usernameInput'

04-04-2025T12:48:30 - [MESSAGE][PASSED] - Delayed 0.5 second(s)

04-04-2025T12:48:30 - [MESSAGE][PASSED] - Keys 'u' sent to object: 'Object Repository/UI/Page_Login - Wolfden/usernameInput'

04-04-2025T12:48:31 - [MESSAGE][PASSED] - Delayed 0.5 second(s)

04-04-2025T12:48:31 - [MESSAGE][PASSED] - Keys 'y' sent to object: 'Object Repository/UI/Page_Login - Wolfden/usernameInput'

04-04-2025T12:48:31 - [MESSAGE][PASSED] - Delayed 0.5 second(s)

04-04-2025T12:48:32 - [MESSAGE][PASSED] - Keys 'e' sent to object: 'Object Repository/UI/Page_Login - Wolfden/usernameInput'

04-04-2025T12:48:32 - [MESSAGE][PASSED] - Delayed 0.5 second(s)

04-04-2025T12:48:33 - [MESSAGE][PASSED] - Keys 'n' sent to object: 'Object Repository/UI/Page_Login - Wolfden/usernameInput'

04-04-2025T12:48:33 - [MESSAGE][PASSED] - Delayed 0.5 second(s)

04-04-2025T12:48:33 - [MESSAGE][PASSED] - Keys 'q' sent to object: 'Object Repository/UI/Page_Login - Wolfden/usernameInput'

04-04-2025T12:48:34 - [MESSAGE][PASSED] - Delayed 0.5 second(s)

04-04-2025T12:48:34 - [MESSAGE][PASSED] - Keys 'h' sent to object: 'Object Repository/UI/Page_Login - Wolfden/usernameInput'

04-04-2025T12:48:35 - [MESSAGE][PASSED] - Delayed 0.5 second(s)

04-04-2025T12:48:35 - [MESSAGE][PASSED] - Keys 'u' sent to object: 'Object Repository/UI/Page_Login - Wolfden/usernameInput'

04-04-2025T12:48:36 - [MESSAGE][PASSED] - Delayed 0.5 second(s)

04-04-2025T12:48:36 - [MESSAGE][PASSED] - Keys 'y' sent to object: 'Object Repository/UI/Page_Login - Wolfden/usernameInput'

04-04-2025T12:48:36 - [MESSAGE][PASSED] - Delayed 0.5 second(s)

04-04-2025T12:48:37 - [MESSAGE][PASSED] - Keys '7' sent to object: 'Object Repository/UI/Page_Login - Wolfden/usernameInput'

04-04-2025T12:48:37 - [MESSAGE][PASSED] - Delayed 0.5 second(s)

04-04-2025T12:48:38 - [MESSAGE][PASSED] - Keys '5' sent to object: 'Object Repository/UI/Page_Login - Wolfden/usernameInput'

04-04-2025T12:48:38 - [MESSAGE][PASSED] - Delayed 0.5 second(s)

04-04-2025T12:48:38 - [MESSAGE][PASSED] - Keys '3' sent to object: 'Object Repository/UI/Page_Login - Wolfden/usernameInput'

04-04-2025T12:48:39 - [MESSAGE][PASSED] - Delayed 0.5 second(s)

04-04-2025T12:48:39 - [MESSAGE][PASSED] - Keys '1' sent to object: 'Object Repository/UI/Page_Login - Wolfden/usernameInput'

04-04-2025T12:48:40 - [MESSAGE][PASSED] - Delayed 0.5 second(s)

04-04-2025T12:48:40 - [MESSAGE][PASSED] - Keys '0' sent to object: 'Object Repository/UI/Page_Login - Wolfden/usernameInput'

04-04-2025T12:48:41 - [MESSAGE][PASSED] - Delayed 0.5 second(s)

04-04-2025T12:48:41 - [MESSAGE][PASSED] - Keys '1' sent to object: 'Object Repository/UI/Page_Login - Wolfden/usernameInput'

04-04-2025T12:48:42 - [MESSAGE][PASSED] - Delayed 0.5 second(s)

04-04-2025T12:48:47 - [MESSAGE][PASSED] - Delayed 5 second(s)

04-04-2025T12:48:47 - [MESSAGE][PASSED] - Object: 'Object Repository/UI/Page_Login - Wolfden/passwordInput' is clicked on

04-04-2025T12:48:47 - [MESSAGE][PASSED] - Keys 'h' sent to object: 'Object Repository/UI/Page_Login - Wolfden/passwordInput'

04-04-2025T12:48:48 - [MESSAGE][PASSED] - Delayed 0.5 second(s)

04-04-2025T12:48:48 - [MESSAGE][PASSED] - Keys 'u' sent to object: 'Object Repository/UI/Page_Login - Wolfden/passwordInput'

04-04-2025T12:48:48 - [MESSAGE][PASSED] - Delayed 0.5 second(s)

04-04-2025T12:48:49 - [MESSAGE][PASSED] - Keys 'y' sent to object: 'Object Repository/UI/Page_Login - Wolfden/passwordInput'

04-04-2025T12:48:49 - [MESSAGE][PASSED] - Delayed 0.5 second(s)

04-04-2025T12:48:50 - [MESSAGE][PASSED] - Keys '1' sent to object: 'Object Repository/UI/Page_Login - Wolfden/passwordInput'

04-04-2025T12:48:50 - [MESSAGE][PASSED] - Delayed 0.5 second(s)

04-04-2025T12:48:51 - [MESSAGE][PASSED] - Keys '2' sent to object: 'Object Repository/UI/Page_Login - Wolfden/passwordInput'

04-04-2025T12:48:51 - [MESSAGE][PASSED] - Delayed 0.5 second(s)

04-04-2025T12:48:51 - [MESSAGE][PASSED] - Keys '3' sent to object: 'Object Repository/UI/Page_Login - Wolfden/passwordInput'

04-04-2025T12:48:52 - [MESSAGE][PASSED] - Delayed 0.5 second(s)

04-04-2025T12:48:57 - [MESSAGE][PASSED] - Delayed 5 second(s)

04-04-2025T12:48:57 - [MESSAGE][PASSED] - Object: 'Object Repository/UI/Page_Login - Wolfden/loginBtn' is clicked on

04-04-2025T12:48:57 - [MESSAGE][PASSED] - loginpackage.loginkeyword.login is PASSED

04-04-2025T12:48:57 - [TEST_STEP][PASSED] - click(findTestObject("UI/Page_Home_Wolfden/newHowlBtn")): Object: 'Object Repository/UI/Page_Home_Wolfden/newHowlBtn' is clicked on

04-04-2025T12:49:01 - [MESSAGE][PASSED] - Object: 'Object Repository/UI/Page_Home_Wolfden/newHowlBtn' is clicked on

04-04-2025T12:49:01 - [TEST_STEP][PASSED] - sendKeys(findTestObject("UI/Page_CreateHowl_Wolfden/writehowlTextbox"), text): Keys 'Test' sent to object: 'Object Repository/UI/Page_CreateHowl_Wolfden/writehowlTextbox'

04-04-2025T12:49:02 - [MESSAGE][PASSED] - Keys 'Test' sent to object: 'Object Repository/UI/Page_CreateHowl_Wolfden/writehowlTextbox'

04-04-2025T12:49:02 - [TEST_STEP][PASSED] - uploadFile(findTestObject("UI/Page_CreateHowl_Wolfden/uploadFileBtn"), "C:\\Users\\HUY\\Downloads\\minions.png"): File 'C:\\Users\\HUY\\Downloads\\minions.png' sent to object: 'Object Repository/UI/Page_CreateHowl_Wolfden/uploadFileBtn'

04-04-2025T12:49:02 - [MESSAGE][PASSED] - File 'C:\\Users\\HUY\\Downloads\\minions.png' sent to object: 'Object Repository/UI/Page_CreateHowl_Wolfden/uploadFileBtn'

04-04-2025T12:49:02 - [TEST_STEP][PASSED] - click(findTestObject("UI/Page_CreateHowl_Wolfden/howlBtn")): Object: 'Object Repository/UI/Page_CreateHowl_Wolfden/howlBtn' is clicked on

04-04-2025T12:49:03 - [MESSAGE][PASSED] - Object: 'Object Repository/UI/Page_CreateHowl_Wolfden/howlBtn' is clicked on

04-04-2025T12:49:03 - [TEST_STEP][PASSED] - delay(2): Delayed 2 second(s)

04-04-2025T12:49:05 - [MESSAGE][PASSED] - Delayed 2 second(s)

04-04-2025T12:49:05 - [TEST_STEP][PASSED] - verifyElementText(findTestObject("UI/Page_Howl_Wolfden/yourHowlWasSentTxt"), "Your Howl was sent"): Actual text and expected text of test object 'Object Repository/UI/Page_Howl_Wolfden/yourHowlWasSentTxt' are matched.

04-04-2025T12:49:06 - [MESSAGE][PASSED] - Actual text and expected text of test object 'Object Repository/UI/Page_Howl_Wolfden/yourHowlWasSentTxt' are matched.

04-04-2025T12:49:06 - [TEST_STEP][PASSED] - verifyElementText(findTestObject("UI/Page_Howl_Wolfden/displayNameTxt"), "nguyenqhuy7531"): Actual text and expected text of test object 'Object Repository/UI/Page_Howl_Wolfden/displayNameTxt' are matched.

04-04-2025T12:49:06 - [MESSAGE][PASSED] - Actual text and expected text of test object 'Object Repository/UI/Page_Howl_Wolfden/displayNameTxt' are matched.

04-04-2025T12:49:06 - [TEST_STEP][PASSED] - verifyElementText(findTestObject("UI/Page_Howl_Wolfden/usernameTxt"), "@nguyenqhuy753101"): Actual text and expected text of test object 'Object Repository/UI/Page_Howl_Wolfden/usernameTxt' are matched.

04-04-2025T12:49:06 - [MESSAGE][PASSED] - Actual text and expected text of test object 'Object Repository/UI/Page_Howl_Wolfden/usernameTxt' are matched.

04-04-2025T12:49:06 - [TEST_STEP][PASSED] - verifyElementText(findTestObject("UI/Page_Howl_Wolfden/enteredTextTxt"), text): Actual text and expected text of test object 'Object Repository/UI/Page_Howl_Wolfden/enteredTextTxt' are matched.

04-04-2025T12:49:07 - [MESSAGE][PASSED] - Actual text and expected text of test object 'Object Repository/UI/Page_Howl_Wolfden/enteredTextTxt' are matched.

04-04-2025T12:49:07 - [TEST_STEP][PASSED] - verifyElementPresent(findTestObject("UI/Page_Howl_Wolfden/uploadedImage"), 0): Object 'Object Repository/UI/Page_Howl_Wolfden/uploadedImage' is present

04-04-2025T12:49:07 - [MESSAGE][WARNING] - Timeout '0' is invalid. Using default page load timeout: '30'

04-04-2025T12:49:07 - [MESSAGE][PASSED] - Object 'Object Repository/UI/Page_Howl_Wolfden/uploadedImage' is present

04-04-2025T12:49:07 - [TEST_STEP][PASSED] - howlpackage.howlkeyword.deleteHowl(): howlpackage.howlkeyword.deleteHowl is PASSED

04-04-2025T12:49:08 - [MESSAGE][PASSED] - Object: 'Object Repository/UI/Page_Howl_Wolfden/moreOptionBtn' is hovered

04-04-2025T12:49:08 - [MESSAGE][PASSED] - Object: 'Object Repository/UI/Page_Howl_Wolfden/deleteBtn' is clicked on

04-04-2025T12:49:09 - [MESSAGE][PASSED] - Object: 'Object Repository/UI/Page_Howl_Wolfden/deleteConfirmationBtn' is clicked on

04-04-2025T12:49:10 - [MESSAGE][PASSED] - Actual text and expected text of test object 'Object Repository/UI/Page_Howl_Wolfden/yourHowlWasDeletedTxt' are matched.

04-04-2025T12:49:10 - [MESSAGE][PASSED] - howlpackage.howlkeyword.deleteHowl is PASSED

04-04-2025T12:49:10 - [TEST_STEP][PASSED] - closeBrowser(): Browser is closed

04-04-2025T12:49:10 - [MESSAGE][PASSED] - Browser is closed]]></system-out>
         <system-err><![CDATA[]]></system-err>
      </testcase>
      <testcase name="Test Cases/Howl/Create howl containing text and video" time="53.825" classname="Test Cases/Howl/Create howl containing text and video" status="PASSED">
         <system-out><![CDATA[04-04-2025T12:49:10 - [TEST_CASE][PASSED] - Test Cases/Howl/Create howl containing text and video: Test Cases/Howl/Create howl containing text and video

04-04-2025T12:49:10 - [TEST_STEP][PASSED] - text = "Test": null

04-04-2025T12:49:10 - [TEST_STEP][PASSED] - loginpackage.loginkeyword.login("nguyenqhuy753101", "huy123"): loginpackage.loginkeyword.login is PASSED

04-04-2025T12:49:10 - [MESSAGE][INFO] - Starting 'Chrome' driver

04-04-2025T12:49:10 - [MESSAGE][INFO] - Action delay is set to 0 milliseconds

04-04-2025T12:49:11 - [MESSAGE][PASSED] - Browser is opened with url: ''

04-04-2025T12:49:11 - [MESSAGE][PASSED] - Current window maximized

04-04-2025T12:49:17 - [MESSAGE][PASSED] - Navigate to 'https://dev.wolfden.win/' successfully

04-04-2025T12:49:18 - [MESSAGE][PASSED] - Text 'racebook' is set on object 'Object Repository/UI/Page_Authorize - Wolfden/authorizeInput'

04-04-2025T12:49:19 - [MESSAGE][PASSED] - Object: 'Object Repository/UI/Page_Authorize - Wolfden/submitBtn' is clicked on

04-04-2025T12:49:21 - [MESSAGE][PASSED] - Object: 'Object Repository/UI/Page_Home_Wolfden/loginBtn' is clicked on

04-04-2025T12:49:21 - [MESSAGE][PASSED] - Object: 'Object Repository/UI/Page_Login - Wolfden/usernameInput' is clicked on

04-04-2025T12:49:22 - [MESSAGE][PASSED] - Keys 'n' sent to object: 'Object Repository/UI/Page_Login - Wolfden/usernameInput'

04-04-2025T12:49:22 - [MESSAGE][PASSED] - Delayed 0.5 second(s)

04-04-2025T12:49:22 - [MESSAGE][PASSED] - Keys 'g' sent to object: 'Object Repository/UI/Page_Login - Wolfden/usernameInput'

04-04-2025T12:49:23 - [MESSAGE][PASSED] - Delayed 0.5 second(s)

04-04-2025T12:49:23 - [MESSAGE][PASSED] - Keys 'u' sent to object: 'Object Repository/UI/Page_Login - Wolfden/usernameInput'

04-04-2025T12:49:24 - [MESSAGE][PASSED] - Delayed 0.5 second(s)

04-04-2025T12:49:24 - [MESSAGE][PASSED] - Keys 'y' sent to object: 'Object Repository/UI/Page_Login - Wolfden/usernameInput'

04-04-2025T12:49:24 - [MESSAGE][PASSED] - Delayed 0.5 second(s)

04-04-2025T12:49:25 - [MESSAGE][PASSED] - Keys 'e' sent to object: 'Object Repository/UI/Page_Login - Wolfden/usernameInput'

04-04-2025T12:49:25 - [MESSAGE][PASSED] - Delayed 0.5 second(s)

04-04-2025T12:49:26 - [MESSAGE][PASSED] - Keys 'n' sent to object: 'Object Repository/UI/Page_Login - Wolfden/usernameInput'

04-04-2025T12:49:26 - [MESSAGE][PASSED] - Delayed 0.5 second(s)

04-04-2025T12:49:26 - [MESSAGE][PASSED] - Keys 'q' sent to object: 'Object Repository/UI/Page_Login - Wolfden/usernameInput'

04-04-2025T12:49:27 - [MESSAGE][PASSED] - Delayed 0.5 second(s)

04-04-2025T12:49:27 - [MESSAGE][PASSED] - Keys 'h' sent to object: 'Object Repository/UI/Page_Login - Wolfden/usernameInput'

04-04-2025T12:49:28 - [MESSAGE][PASSED] - Delayed 0.5 second(s)

04-04-2025T12:49:28 - [MESSAGE][PASSED] - Keys 'u' sent to object: 'Object Repository/UI/Page_Login - Wolfden/usernameInput'

04-04-2025T12:49:29 - [MESSAGE][PASSED] - Delayed 0.5 second(s)

04-04-2025T12:49:29 - [MESSAGE][PASSED] - Keys 'y' sent to object: 'Object Repository/UI/Page_Login - Wolfden/usernameInput'

04-04-2025T12:49:29 - [MESSAGE][PASSED] - Delayed 0.5 second(s)

04-04-2025T12:49:30 - [MESSAGE][PASSED] - Keys '7' sent to object: 'Object Repository/UI/Page_Login - Wolfden/usernameInput'

04-04-2025T12:49:30 - [MESSAGE][PASSED] - Delayed 0.5 second(s)

04-04-2025T12:49:31 - [MESSAGE][PASSED] - Keys '5' sent to object: 'Object Repository/UI/Page_Login - Wolfden/usernameInput'

04-04-2025T12:49:31 - [MESSAGE][PASSED] - Delayed 0.5 second(s)

04-04-2025T12:49:31 - [MESSAGE][PASSED] - Keys '3' sent to object: 'Object Repository/UI/Page_Login - Wolfden/usernameInput'

04-04-2025T12:49:32 - [MESSAGE][PASSED] - Delayed 0.5 second(s)

04-04-2025T12:49:32 - [MESSAGE][PASSED] - Keys '1' sent to object: 'Object Repository/UI/Page_Login - Wolfden/usernameInput'

04-04-2025T12:49:33 - [MESSAGE][PASSED] - Delayed 0.5 second(s)

04-04-2025T12:49:33 - [MESSAGE][PASSED] - Keys '0' sent to object: 'Object Repository/UI/Page_Login - Wolfden/usernameInput'

04-04-2025T12:49:33 - [MESSAGE][PASSED] - Delayed 0.5 second(s)

04-04-2025T12:49:34 - [MESSAGE][PASSED] - Keys '1' sent to object: 'Object Repository/UI/Page_Login - Wolfden/usernameInput'

04-04-2025T12:49:34 - [MESSAGE][PASSED] - Delayed 0.5 second(s)

04-04-2025T12:49:39 - [MESSAGE][PASSED] - Delayed 5 second(s)

04-04-2025T12:49:40 - [MESSAGE][PASSED] - Object: 'Object Repository/UI/Page_Login - Wolfden/passwordInput' is clicked on

04-04-2025T12:49:40 - [MESSAGE][PASSED] - Keys 'h' sent to object: 'Object Repository/UI/Page_Login - Wolfden/passwordInput'

04-04-2025T12:49:40 - [MESSAGE][PASSED] - Delayed 0.5 second(s)

04-04-2025T12:49:41 - [MESSAGE][PASSED] - Keys 'u' sent to object: 'Object Repository/UI/Page_Login - Wolfden/passwordInput'

04-04-2025T12:49:41 - [MESSAGE][PASSED] - Delayed 0.5 second(s)

04-04-2025T12:49:42 - [MESSAGE][PASSED] - Keys 'y' sent to object: 'Object Repository/UI/Page_Login - Wolfden/passwordInput'

04-04-2025T12:49:42 - [MESSAGE][PASSED] - Delayed 0.5 second(s)

04-04-2025T12:49:42 - [MESSAGE][PASSED] - Keys '1' sent to object: 'Object Repository/UI/Page_Login - Wolfden/passwordInput'

04-04-2025T12:49:43 - [MESSAGE][PASSED] - Delayed 0.5 second(s)

04-04-2025T12:49:43 - [MESSAGE][PASSED] - Keys '2' sent to object: 'Object Repository/UI/Page_Login - Wolfden/passwordInput'

04-04-2025T12:49:44 - [MESSAGE][PASSED] - Delayed 0.5 second(s)

04-04-2025T12:49:44 - [MESSAGE][PASSED] - Keys '3' sent to object: 'Object Repository/UI/Page_Login - Wolfden/passwordInput'

04-04-2025T12:49:45 - [MESSAGE][PASSED] - Delayed 0.5 second(s)

04-04-2025T12:49:50 - [MESSAGE][PASSED] - Delayed 5 second(s)

04-04-2025T12:49:50 - [MESSAGE][PASSED] - Object: 'Object Repository/UI/Page_Login - Wolfden/loginBtn' is clicked on

04-04-2025T12:49:50 - [MESSAGE][PASSED] - loginpackage.loginkeyword.login is PASSED

04-04-2025T12:49:50 - [TEST_STEP][PASSED] - click(findTestObject("UI/Page_Home_Wolfden/newHowlBtn")): Object: 'Object Repository/UI/Page_Home_Wolfden/newHowlBtn' is clicked on

04-04-2025T12:49:54 - [MESSAGE][PASSED] - Object: 'Object Repository/UI/Page_Home_Wolfden/newHowlBtn' is clicked on

04-04-2025T12:49:54 - [TEST_STEP][PASSED] - sendKeys(findTestObject("UI/Page_CreateHowl_Wolfden/writehowlTextbox"), text): Keys 'Test' sent to object: 'Object Repository/UI/Page_CreateHowl_Wolfden/writehowlTextbox'

04-04-2025T12:49:55 - [MESSAGE][PASSED] - Keys 'Test' sent to object: 'Object Repository/UI/Page_CreateHowl_Wolfden/writehowlTextbox'

04-04-2025T12:49:55 - [TEST_STEP][PASSED] - uploadFile(findTestObject("UI/Page_CreateHowl_Wolfden/uploadFileBtn"), "C:\\Users\\HUY\\Downloads\\minion.mp4"): File 'C:\\Users\\HUY\\Downloads\\minion.mp4' sent to object: 'Object Repository/UI/Page_CreateHowl_Wolfden/uploadFileBtn'

04-04-2025T12:49:55 - [MESSAGE][PASSED] - File 'C:\\Users\\HUY\\Downloads\\minion.mp4' sent to object: 'Object Repository/UI/Page_CreateHowl_Wolfden/uploadFileBtn'

04-04-2025T12:49:55 - [TEST_STEP][PASSED] - click(findTestObject("UI/Page_CreateHowl_Wolfden/howlBtn")): Object: 'Object Repository/UI/Page_CreateHowl_Wolfden/howlBtn' is clicked on

04-04-2025T12:49:56 - [MESSAGE][PASSED] - Object: 'Object Repository/UI/Page_CreateHowl_Wolfden/howlBtn' is clicked on

04-04-2025T12:49:56 - [TEST_STEP][PASSED] - delay(2): Delayed 2 second(s)

04-04-2025T12:49:58 - [MESSAGE][PASSED] - Delayed 2 second(s)

04-04-2025T12:49:58 - [TEST_STEP][PASSED] - verifyElementText(findTestObject("UI/Page_Howl_Wolfden/yourHowlWasSentTxt"), "Your Howl was sent"): Actual text and expected text of test object 'Object Repository/UI/Page_Howl_Wolfden/yourHowlWasSentTxt' are matched.

04-04-2025T12:50:00 - [MESSAGE][PASSED] - Actual text and expected text of test object 'Object Repository/UI/Page_Howl_Wolfden/yourHowlWasSentTxt' are matched.

04-04-2025T12:50:00 - [TEST_STEP][PASSED] - verifyElementText(findTestObject("UI/Page_Howl_Wolfden/displayNameTxt"), "nguyenqhuy7531"): Actual text and expected text of test object 'Object Repository/UI/Page_Howl_Wolfden/displayNameTxt' are matched.

04-04-2025T12:50:00 - [MESSAGE][PASSED] - Actual text and expected text of test object 'Object Repository/UI/Page_Howl_Wolfden/displayNameTxt' are matched.

04-04-2025T12:50:00 - [TEST_STEP][PASSED] - verifyElementText(findTestObject("UI/Page_Howl_Wolfden/usernameTxt"), "@nguyenqhuy753101"): Actual text and expected text of test object 'Object Repository/UI/Page_Howl_Wolfden/usernameTxt' are matched.

04-04-2025T12:50:00 - [MESSAGE][PASSED] - Actual text and expected text of test object 'Object Repository/UI/Page_Howl_Wolfden/usernameTxt' are matched.

04-04-2025T12:50:00 - [TEST_STEP][PASSED] - verifyElementText(findTestObject("UI/Page_Howl_Wolfden/enteredTextTxt"), text): Actual text and expected text of test object 'Object Repository/UI/Page_Howl_Wolfden/enteredTextTxt' are matched.

04-04-2025T12:50:01 - [MESSAGE][PASSED] - Actual text and expected text of test object 'Object Repository/UI/Page_Howl_Wolfden/enteredTextTxt' are matched.

04-04-2025T12:50:01 - [TEST_STEP][PASSED] - verifyElementPresent(findTestObject("UI/Page_Howl_Wolfden/uploadedVideo"), 0): Object 'Object Repository/UI/Page_Howl_Wolfden/uploadedVideo' is present

04-04-2025T12:50:01 - [MESSAGE][WARNING] - Timeout '0' is invalid. Using default page load timeout: '30'

04-04-2025T12:50:01 - [MESSAGE][PASSED] - Object 'Object Repository/UI/Page_Howl_Wolfden/uploadedVideo' is present

04-04-2025T12:50:01 - [TEST_STEP][PASSED] - howlpackage.howlkeyword.deleteHowl(): howlpackage.howlkeyword.deleteHowl is PASSED

04-04-2025T12:50:01 - [MESSAGE][PASSED] - Object: 'Object Repository/UI/Page_Howl_Wolfden/moreOptionBtn' is hovered

04-04-2025T12:50:02 - [MESSAGE][PASSED] - Object: 'Object Repository/UI/Page_Howl_Wolfden/deleteBtn' is clicked on

04-04-2025T12:50:03 - [MESSAGE][PASSED] - Object: 'Object Repository/UI/Page_Howl_Wolfden/deleteConfirmationBtn' is clicked on

04-04-2025T12:50:04 - [MESSAGE][PASSED] - Actual text and expected text of test object 'Object Repository/UI/Page_Howl_Wolfden/yourHowlWasDeletedTxt' are matched.

04-04-2025T12:50:04 - [MESSAGE][PASSED] - howlpackage.howlkeyword.deleteHowl is PASSED

04-04-2025T12:50:04 - [TEST_STEP][PASSED] - closeBrowser(): Browser is closed

04-04-2025T12:50:04 - [MESSAGE][PASSED] - Browser is closed]]></system-out>
         <system-err><![CDATA[]]></system-err>
      </testcase>
      <system-out><![CDATA[04-04-2025T12:45:26 - [TEST_SUITE][PASSED] - CreateHowl: Test Cases/Howl/Create howl containing text and video]]></system-out>
      <system-err><![CDATA[]]></system-err>
   </testsuite>
</testsuites>
